Started GET "/" for ::1 at 2019-04-16 13:58:38 +0900
  
ActiveRecord::PendingMigrationError (

Migrations are pending. To resolve this issue, run:

        bin/rails db:migrate RAILS_ENV=development

):
  
activerecord (5.2.3) lib/active_record/migration.rb:579:in `check_pending!'
activerecord (5.2.3) lib/active_record/migration.rb:556:in `call'
actionpack (5.2.3) lib/action_dispatch/middleware/callbacks.rb:28:in `block in call'
activesupport (5.2.3) lib/active_support/callbacks.rb:98:in `run_callbacks'
actionpack (5.2.3) lib/action_dispatch/middleware/callbacks.rb:26:in `call'
actionpack (5.2.3) lib/action_dispatch/middleware/executor.rb:14:in `call'
actionpack (5.2.3) lib/action_dispatch/middleware/debug_exceptions.rb:61:in `call'
web-console (3.7.0) lib/web_console/middleware.rb:135:in `call_app'
web-console (3.7.0) lib/web_console/middleware.rb:30:in `block in call'
web-console (3.7.0) lib/web_console/middleware.rb:20:in `catch'
web-console (3.7.0) lib/web_console/middleware.rb:20:in `call'
actionpack (5.2.3) lib/action_dispatch/middleware/show_exceptions.rb:33:in `call'
railties (5.2.3) lib/rails/rack/logger.rb:38:in `call_app'
railties (5.2.3) lib/rails/rack/logger.rb:26:in `block in call'
activesupport (5.2.3) lib/active_support/tagged_logging.rb:71:in `block in tagged'
activesupport (5.2.3) lib/active_support/tagged_logging.rb:28:in `tagged'
activesupport (5.2.3) lib/active_support/tagged_logging.rb:71:in `tagged'
railties (5.2.3) lib/rails/rack/logger.rb:26:in `call'
sprockets-rails (3.2.1) lib/sprockets/rails/quiet_assets.rb:13:in `call'
actionpack (5.2.3) lib/action_dispatch/middleware/remote_ip.rb:81:in `call'
actionpack (5.2.3) lib/action_dispatch/middleware/request_id.rb:27:in `call'
rack (2.0.7) lib/rack/method_override.rb:22:in `call'
rack (2.0.7) lib/rack/runtime.rb:22:in `call'
activesupport (5.2.3) lib/active_support/cache/strategy/local_cache_middleware.rb:29:in `call'
actionpack (5.2.3) lib/action_dispatch/middleware/executor.rb:14:in `call'
actionpack (5.2.3) lib/action_dispatch/middleware/static.rb:127:in `call'
rack (2.0.7) lib/rack/sendfile.rb:111:in `call'
railties (5.2.3) lib/rails/engine.rb:524:in `call'
puma (3.12.1) lib/puma/configuration.rb:227:in `call'
puma (3.12.1) lib/puma/server.rb:660:in `handle_request'
puma (3.12.1) lib/puma/server.rb:474:in `process_client'
puma (3.12.1) lib/puma/server.rb:334:in `block in run'
puma (3.12.1) lib/puma/thread_pool.rb:135:in `block in spawn_thread'
  [1m[35m (0.6ms)[0m  [1m[34mSELECT sqlite_version(*)[0m
  ↳ /Users/kinoshita/.rvm/rubies/ruby-2.6.1/lib/ruby/gems/2.6.0/gems/rake-12.3.2/lib/rake/task.rb:273
  [1m[35m (1.6ms)[0m  [1m[35mCREATE TABLE "schema_migrations" ("version" varchar NOT NULL PRIMARY KEY)[0m
  ↳ /Users/kinoshita/.rvm/rubies/ruby-2.6.1/lib/ruby/gems/2.6.0/gems/rake-12.3.2/lib/rake/task.rb:273
  [1m[35m (1.3ms)[0m  [1m[35mCREATE TABLE "ar_internal_metadata" ("key" varchar NOT NULL PRIMARY KEY, "value" varchar, "created_at" datetime NOT NULL, "updated_at" datetime NOT NULL)[0m
  ↳ /Users/kinoshita/.rvm/rubies/ruby-2.6.1/lib/ruby/gems/2.6.0/gems/rake-12.3.2/lib/rake/task.rb:273
  [1m[35m (0.2ms)[0m  [1m[34mSELECT "schema_migrations"."version" FROM "schema_migrations" ORDER BY "schema_migrations"."version" ASC[0m
  ↳ /Users/kinoshita/.rvm/rubies/ruby-2.6.1/lib/ruby/gems/2.6.0/gems/rake-12.3.2/lib/rake/task.rb:273
Migrating to DeviseCreateAdminUsers (20190415084111)
  [1m[35m (0.1ms)[0m  [1m[36mbegin transaction[0m
  ↳ /Users/kinoshita/.rvm/rubies/ruby-2.6.1/lib/ruby/gems/2.6.0/gems/rake-12.3.2/lib/rake/task.rb:273
  [1m[35m (0.9ms)[0m  [1m[35mCREATE TABLE "admin_users" ("id" integer PRIMARY KEY AUTOINCREMENT NOT NULL, "email" varchar DEFAULT '' NOT NULL, "encrypted_password" varchar DEFAULT '' NOT NULL, "reset_password_token" varchar, "reset_password_sent_at" datetime, "remember_created_at" datetime, "created_at" datetime NOT NULL, "updated_at" datetime NOT NULL)[0m
  ↳ db/migrate/20190415084111_devise_create_admin_users.rb:5
  [1m[35m (0.1ms)[0m  [1m[35mCREATE UNIQUE INDEX "index_admin_users_on_email" ON "admin_users" ("email")[0m
  ↳ db/migrate/20190415084111_devise_create_admin_users.rb:39
  [1m[35m (0.1ms)[0m  [1m[35mCREATE UNIQUE INDEX "index_admin_users_on_reset_password_token" ON "admin_users" ("reset_password_token")[0m
  ↳ db/migrate/20190415084111_devise_create_admin_users.rb:40
  [1m[36mActiveRecord::SchemaMigration Create (0.3ms)[0m  [1m[32mINSERT INTO "schema_migrations" ("version") VALUES (?)[0m  [["version", "20190415084111"]]
  ↳ /Users/kinoshita/.rvm/rubies/ruby-2.6.1/lib/ruby/gems/2.6.0/gems/rake-12.3.2/lib/rake/task.rb:273
  [1m[35m (1.1ms)[0m  [1m[36mcommit transaction[0m
  ↳ /Users/kinoshita/.rvm/rubies/ruby-2.6.1/lib/ruby/gems/2.6.0/gems/rake-12.3.2/lib/rake/task.rb:273
Migrating to CreateActiveAdminComments (20190415084118)
  [1m[35m (0.3ms)[0m  [1m[36mbegin transaction[0m
  ↳ /Users/kinoshita/.rvm/rubies/ruby-2.6.1/lib/ruby/gems/2.6.0/gems/rake-12.3.2/lib/rake/task.rb:273
  [1m[35m (0.5ms)[0m  [1m[35mCREATE TABLE "active_admin_comments" ("id" integer PRIMARY KEY AUTOINCREMENT NOT NULL, "namespace" varchar, "body" text, "resource_type" varchar, "resource_id" integer, "author_type" varchar, "author_id" integer, "created_at" datetime NOT NULL, "updated_at" datetime NOT NULL)[0m
  ↳ db/migrate/20190415084118_create_active_admin_comments.rb:3
  [1m[35m (0.1ms)[0m  [1m[35mCREATE  INDEX "index_active_admin_comments_on_resource_type_and_resource_id" ON "active_admin_comments" ("resource_type", "resource_id")[0m
  ↳ db/migrate/20190415084118_create_active_admin_comments.rb:3
  [1m[35m (0.1ms)[0m  [1m[35mCREATE  INDEX "index_active_admin_comments_on_author_type_and_author_id" ON "active_admin_comments" ("author_type", "author_id")[0m
  ↳ db/migrate/20190415084118_create_active_admin_comments.rb:3
  [1m[35m (0.1ms)[0m  [1m[35mCREATE  INDEX "index_active_admin_comments_on_namespace" ON "active_admin_comments" ("namespace")[0m
  ↳ db/migrate/20190415084118_create_active_admin_comments.rb:10
  [1m[36mActiveRecord::SchemaMigration Create (0.2ms)[0m  [1m[32mINSERT INTO "schema_migrations" ("version") VALUES (?)[0m  [["version", "20190415084118"]]
  ↳ /Users/kinoshita/.rvm/rubies/ruby-2.6.1/lib/ruby/gems/2.6.0/gems/rake-12.3.2/lib/rake/task.rb:273
  [1m[35m (1.5ms)[0m  [1m[36mcommit transaction[0m
  ↳ /Users/kinoshita/.rvm/rubies/ruby-2.6.1/lib/ruby/gems/2.6.0/gems/rake-12.3.2/lib/rake/task.rb:273
Migrating to CreateProjects (20190415090755)
  [1m[35m (0.1ms)[0m  [1m[36mbegin transaction[0m
  ↳ /Users/kinoshita/.rvm/rubies/ruby-2.6.1/lib/ruby/gems/2.6.0/gems/rake-12.3.2/lib/rake/task.rb:273
  [1m[35m (0.5ms)[0m  [1m[35mCREATE TABLE "projects" ("id" integer PRIMARY KEY AUTOINCREMENT NOT NULL, "name" varchar, "created_at" datetime NOT NULL, "updated_at" datetime NOT NULL)[0m
  ↳ db/migrate/20190415090755_create_projects.rb:3
  [1m[36mActiveRecord::SchemaMigration Create (0.2ms)[0m  [1m[32mINSERT INTO "schema_migrations" ("version") VALUES (?)[0m  [["version", "20190415090755"]]
  ↳ /Users/kinoshita/.rvm/rubies/ruby-2.6.1/lib/ruby/gems/2.6.0/gems/rake-12.3.2/lib/rake/task.rb:273
  [1m[35m (1.4ms)[0m  [1m[36mcommit transaction[0m
  ↳ /Users/kinoshita/.rvm/rubies/ruby-2.6.1/lib/ruby/gems/2.6.0/gems/rake-12.3.2/lib/rake/task.rb:273
Migrating to CreateMembers (20190415091100)
  [1m[35m (0.1ms)[0m  [1m[36mbegin transaction[0m
  ↳ /Users/kinoshita/.rvm/rubies/ruby-2.6.1/lib/ruby/gems/2.6.0/gems/rake-12.3.2/lib/rake/task.rb:273
  [1m[35m (0.6ms)[0m  [1m[35mCREATE TABLE "members" ("id" integer PRIMARY KEY AUTOINCREMENT NOT NULL, "name" varchar, "created_at" datetime NOT NULL, "updated_at" datetime NOT NULL)[0m
  ↳ db/migrate/20190415091100_create_members.rb:3
  [1m[36mActiveRecord::SchemaMigration Create (0.2ms)[0m  [1m[32mINSERT INTO "schema_migrations" ("version") VALUES (?)[0m  [["version", "20190415091100"]]
  ↳ /Users/kinoshita/.rvm/rubies/ruby-2.6.1/lib/ruby/gems/2.6.0/gems/rake-12.3.2/lib/rake/task.rb:273
  [1m[35m (1.2ms)[0m  [1m[36mcommit transaction[0m
  ↳ /Users/kinoshita/.rvm/rubies/ruby-2.6.1/lib/ruby/gems/2.6.0/gems/rake-12.3.2/lib/rake/task.rb:273
Migrating to AddSkillToProject (20190415092720)
  [1m[35m (0.1ms)[0m  [1m[36mbegin transaction[0m
  ↳ /Users/kinoshita/.rvm/rubies/ruby-2.6.1/lib/ruby/gems/2.6.0/gems/rake-12.3.2/lib/rake/task.rb:273
  [1m[35m (0.8ms)[0m  [1m[35mALTER TABLE "projects" ADD "skill" varchar[0m
  ↳ db/migrate/20190415092720_add_skill_to_project.rb:3
  [1m[36mActiveRecord::SchemaMigration Create (0.4ms)[0m  [1m[32mINSERT INTO "schema_migrations" ("version") VALUES (?)[0m  [["version", "20190415092720"]]
  ↳ /Users/kinoshita/.rvm/rubies/ruby-2.6.1/lib/ruby/gems/2.6.0/gems/rake-12.3.2/lib/rake/task.rb:273
  [1m[35m (0.9ms)[0m  [1m[36mcommit transaction[0m
  ↳ /Users/kinoshita/.rvm/rubies/ruby-2.6.1/lib/ruby/gems/2.6.0/gems/rake-12.3.2/lib/rake/task.rb:273
Migrating to AddMembersToProject (20190415092809)
  [1m[35m (0.2ms)[0m  [1m[36mbegin transaction[0m
  ↳ /Users/kinoshita/.rvm/rubies/ruby-2.6.1/lib/ruby/gems/2.6.0/gems/rake-12.3.2/lib/rake/task.rb:273
  [1m[35m (0.7ms)[0m  [1m[35mALTER TABLE "projects" ADD "Members" varchar[0m
  ↳ db/migrate/20190415092809_add_members_to_project.rb:3
  [1m[36mActiveRecord::SchemaMigration Create (0.5ms)[0m  [1m[32mINSERT INTO "schema_migrations" ("version") VALUES (?)[0m  [["version", "20190415092809"]]
  ↳ /Users/kinoshita/.rvm/rubies/ruby-2.6.1/lib/ruby/gems/2.6.0/gems/rake-12.3.2/lib/rake/task.rb:273
  [1m[35m (6.3ms)[0m  [1m[36mcommit transaction[0m
  ↳ /Users/kinoshita/.rvm/rubies/ruby-2.6.1/lib/ruby/gems/2.6.0/gems/rake-12.3.2/lib/rake/task.rb:273
Migrating to AddContentToProject (20190415092841)
  [1m[35m (0.1ms)[0m  [1m[36mbegin transaction[0m
  ↳ /Users/kinoshita/.rvm/rubies/ruby-2.6.1/lib/ruby/gems/2.6.0/gems/rake-12.3.2/lib/rake/task.rb:273
  [1m[35m (0.7ms)[0m  [1m[35mALTER TABLE "projects" ADD "content" varchar[0m
  ↳ db/migrate/20190415092841_add_content_to_project.rb:3
  [1m[36mActiveRecord::SchemaMigration Create (0.2ms)[0m  [1m[32mINSERT INTO "schema_migrations" ("version") VALUES (?)[0m  [["version", "20190415092841"]]
  ↳ /Users/kinoshita/.rvm/rubies/ruby-2.6.1/lib/ruby/gems/2.6.0/gems/rake-12.3.2/lib/rake/task.rb:273
  [1m[35m (0.8ms)[0m  [1m[36mcommit transaction[0m
  ↳ /Users/kinoshita/.rvm/rubies/ruby-2.6.1/lib/ruby/gems/2.6.0/gems/rake-12.3.2/lib/rake/task.rb:273
Migrating to AddProfileToMember (20190415094239)
  [1m[35m (0.1ms)[0m  [1m[36mbegin transaction[0m
  ↳ /Users/kinoshita/.rvm/rubies/ruby-2.6.1/lib/ruby/gems/2.6.0/gems/rake-12.3.2/lib/rake/task.rb:273
  [1m[35m (0.4ms)[0m  [1m[35mALTER TABLE "members" ADD "profile" varchar[0m
  ↳ db/migrate/20190415094239_add_profile_to_member.rb:3
  [1m[36mActiveRecord::SchemaMigration Create (0.2ms)[0m  [1m[32mINSERT INTO "schema_migrations" ("version") VALUES (?)[0m  [["version", "20190415094239"]]
  ↳ /Users/kinoshita/.rvm/rubies/ruby-2.6.1/lib/ruby/gems/2.6.0/gems/rake-12.3.2/lib/rake/task.rb:273
  [1m[35m (0.8ms)[0m  [1m[36mcommit transaction[0m
  ↳ /Users/kinoshita/.rvm/rubies/ruby-2.6.1/lib/ruby/gems/2.6.0/gems/rake-12.3.2/lib/rake/task.rb:273
Migrating to AddSkillToMember (20190415094309)
  [1m[35m (0.1ms)[0m  [1m[36mbegin transaction[0m
  ↳ /Users/kinoshita/.rvm/rubies/ruby-2.6.1/lib/ruby/gems/2.6.0/gems/rake-12.3.2/lib/rake/task.rb:273
  [1m[35m (0.7ms)[0m  [1m[35mALTER TABLE "members" ADD "skill" varchar[0m
  ↳ db/migrate/20190415094309_add_skill_to_member.rb:3
  [1m[36mActiveRecord::SchemaMigration Create (0.3ms)[0m  [1m[32mINSERT INTO "schema_migrations" ("version") VALUES (?)[0m  [["version", "20190415094309"]]
  ↳ /Users/kinoshita/.rvm/rubies/ruby-2.6.1/lib/ruby/gems/2.6.0/gems/rake-12.3.2/lib/rake/task.rb:273
  [1m[35m (0.7ms)[0m  [1m[36mcommit transaction[0m
  ↳ /Users/kinoshita/.rvm/rubies/ruby-2.6.1/lib/ruby/gems/2.6.0/gems/rake-12.3.2/lib/rake/task.rb:273
Migrating to AddProjectToMember (20190415094412)
  [1m[35m (0.1ms)[0m  [1m[36mbegin transaction[0m
  ↳ /Users/kinoshita/.rvm/rubies/ruby-2.6.1/lib/ruby/gems/2.6.0/gems/rake-12.3.2/lib/rake/task.rb:273
  [1m[35m (1.2ms)[0m  [1m[35mALTER TABLE "members" ADD "project" varchar[0m
  ↳ db/migrate/20190415094412_add_project_to_member.rb:3
  [1m[36mActiveRecord::SchemaMigration Create (0.2ms)[0m  [1m[32mINSERT INTO "schema_migrations" ("version") VALUES (?)[0m  [["version", "20190415094412"]]
  ↳ /Users/kinoshita/.rvm/rubies/ruby-2.6.1/lib/ruby/gems/2.6.0/gems/rake-12.3.2/lib/rake/task.rb:273
  [1m[35m (1.0ms)[0m  [1m[36mcommit transaction[0m
  ↳ /Users/kinoshita/.rvm/rubies/ruby-2.6.1/lib/ruby/gems/2.6.0/gems/rake-12.3.2/lib/rake/task.rb:273
  [1m[36mActiveRecord::InternalMetadata Load (0.2ms)[0m  [1m[34mSELECT  "ar_internal_metadata".* FROM "ar_internal_metadata" WHERE "ar_internal_metadata"."key" = ? LIMIT ?[0m  [["key", "environment"], ["LIMIT", 1]]
  ↳ /Users/kinoshita/.rvm/rubies/ruby-2.6.1/lib/ruby/gems/2.6.0/gems/rake-12.3.2/lib/rake/task.rb:273
  [1m[35m (0.1ms)[0m  [1m[36mbegin transaction[0m
  ↳ /Users/kinoshita/.rvm/rubies/ruby-2.6.1/lib/ruby/gems/2.6.0/gems/rake-12.3.2/lib/rake/task.rb:273
  [1m[36mActiveRecord::InternalMetadata Create (0.4ms)[0m  [1m[32mINSERT INTO "ar_internal_metadata" ("key", "value", "created_at", "updated_at") VALUES (?, ?, ?, ?)[0m  [["key", "environment"], ["value", "development"], ["created_at", "2019-04-16 04:59:27.319556"], ["updated_at", "2019-04-16 04:59:27.319556"]]
  ↳ /Users/kinoshita/.rvm/rubies/ruby-2.6.1/lib/ruby/gems/2.6.0/gems/rake-12.3.2/lib/rake/task.rb:273
  [1m[35m (0.6ms)[0m  [1m[36mcommit transaction[0m
  ↳ /Users/kinoshita/.rvm/rubies/ruby-2.6.1/lib/ruby/gems/2.6.0/gems/rake-12.3.2/lib/rake/task.rb:273
  [1m[35m (0.1ms)[0m  [1m[34mSELECT "schema_migrations"."version" FROM "schema_migrations" ORDER BY "schema_migrations"."version" ASC[0m
  ↳ /Users/kinoshita/.rvm/rubies/ruby-2.6.1/lib/ruby/gems/2.6.0/gems/rake-12.3.2/lib/rake/task.rb:273
Started GET "/" for ::1 at 2019-04-16 14:00:56 +0900
  [1m[35m (0.4ms)[0m  [1m[34mSELECT "schema_migrations"."version" FROM "schema_migrations" ORDER BY "schema_migrations"."version" ASC[0m
  ↳ /Users/kinoshita/.rvm/gems/ruby-2.6.1/gems/activerecord-5.2.3/lib/active_record/log_subscriber.rb:98
Processing by Admin::DashboardController#index as HTML
Completed 401 Unauthorized in 8ms (ActiveRecord: 0.0ms)


Started GET "/admin/login" for ::1 at 2019-04-16 14:00:56 +0900
Processing by ActiveAdmin::Devise::SessionsController#new as HTML
  Rendering /Users/kinoshita/.rvm/gems/ruby-2.6.1/gems/activeadmin-1.4.3/app/views/active_admin/devise/sessions/new.html.erb within layouts/active_admin_logged_out
  Rendered /Users/kinoshita/.rvm/gems/ruby-2.6.1/gems/activeadmin-1.4.3/app/views/active_admin/devise/shared/_links.erb (1.5ms)
  Rendered /Users/kinoshita/.rvm/gems/ruby-2.6.1/gems/activeadmin-1.4.3/app/views/active_admin/devise/sessions/new.html.erb within layouts/active_admin_logged_out (163.8ms)
Completed 200 OK in 7268ms (Views: 7235.7ms | ActiveRecord: 1.1ms)


Started GET "/" for ::1 at 2019-04-16 14:32:58 +0900
Processing by Admin::DashboardController#index as HTML
Completed 401 Unauthorized in 2ms (ActiveRecord: 0.0ms)


Started GET "/admin/login" for ::1 at 2019-04-16 14:32:58 +0900
Processing by ActiveAdmin::Devise::SessionsController#new as HTML
  Rendering /Users/kinoshita/.rvm/gems/ruby-2.6.1/gems/activeadmin-1.4.3/app/views/active_admin/devise/sessions/new.html.erb within layouts/active_admin_logged_out
  Rendered /Users/kinoshita/.rvm/gems/ruby-2.6.1/gems/activeadmin-1.4.3/app/views/active_admin/devise/shared/_links.erb (1.0ms)
  Rendered /Users/kinoshita/.rvm/gems/ruby-2.6.1/gems/activeadmin-1.4.3/app/views/active_admin/devise/sessions/new.html.erb within layouts/active_admin_logged_out (47.6ms)
Completed 200 OK in 288ms (Views: 284.9ms | ActiveRecord: 0.0ms)


  [1m[35m (0.5ms)[0m  [1m[34mSELECT "schema_migrations"."version" FROM "schema_migrations" ORDER BY "schema_migrations"."version" ASC[0m
  ↳ /Users/kinoshita/.rvm/rubies/ruby-2.6.1/lib/ruby/gems/2.6.0/gems/rake-12.3.2/lib/rake/task.rb:273
  [1m[36mActiveRecord::InternalMetadata Load (0.5ms)[0m  [1m[34mSELECT  "ar_internal_metadata".* FROM "ar_internal_metadata" WHERE "ar_internal_metadata"."key" = ? LIMIT ?[0m  [["key", "environment"], ["LIMIT", 1]]
  ↳ /Users/kinoshita/.rvm/rubies/ruby-2.6.1/lib/ruby/gems/2.6.0/gems/rake-12.3.2/lib/rake/task.rb:273
  [1m[35m (0.1ms)[0m  [1m[36mbegin transaction[0m
  ↳ /Users/kinoshita/.rvm/rubies/ruby-2.6.1/lib/ruby/gems/2.6.0/gems/rake-12.3.2/lib/rake/task.rb:273
  [1m[35m (0.0ms)[0m  [1m[36mcommit transaction[0m
  ↳ /Users/kinoshita/.rvm/rubies/ruby-2.6.1/lib/ruby/gems/2.6.0/gems/rake-12.3.2/lib/rake/task.rb:273
  [1m[35m (0.1ms)[0m  [1m[34mSELECT "schema_migrations"."version" FROM "schema_migrations" ORDER BY "schema_migrations"."version" ASC[0m
  ↳ /Users/kinoshita/.rvm/rubies/ruby-2.6.1/lib/ruby/gems/2.6.0/gems/rake-12.3.2/lib/rake/task.rb:273
  [1m[35m (0.2ms)[0m  [1m[34mSELECT "schema_migrations"."version" FROM "schema_migrations" ORDER BY "schema_migrations"."version" ASC[0m
  ↳ /Users/kinoshita/.rvm/rubies/ruby-2.6.1/lib/ruby/gems/2.6.0/gems/rake-12.3.2/lib/rake/task.rb:273
  [1m[36mActiveRecord::InternalMetadata Load (0.2ms)[0m  [1m[34mSELECT  "ar_internal_metadata".* FROM "ar_internal_metadata" WHERE "ar_internal_metadata"."key" = ? LIMIT ?[0m  [["key", "environment"], ["LIMIT", 1]]
  ↳ /Users/kinoshita/.rvm/rubies/ruby-2.6.1/lib/ruby/gems/2.6.0/gems/rake-12.3.2/lib/rake/task.rb:273
  [1m[35m (0.1ms)[0m  [1m[36mbegin transaction[0m
  ↳ /Users/kinoshita/.rvm/rubies/ruby-2.6.1/lib/ruby/gems/2.6.0/gems/rake-12.3.2/lib/rake/task.rb:273
  [1m[35m (0.1ms)[0m  [1m[36mcommit transaction[0m
  ↳ /Users/kinoshita/.rvm/rubies/ruby-2.6.1/lib/ruby/gems/2.6.0/gems/rake-12.3.2/lib/rake/task.rb:273
  [1m[35m (0.1ms)[0m  [1m[34mSELECT "schema_migrations"."version" FROM "schema_migrations" ORDER BY "schema_migrations"."version" ASC[0m
  ↳ /Users/kinoshita/.rvm/rubies/ruby-2.6.1/lib/ruby/gems/2.6.0/gems/rake-12.3.2/lib/rake/task.rb:273
Started GET "/" for ::1 at 2019-04-16 14:37:48 +0900
  [1m[35m (0.5ms)[0m  [1m[34mSELECT "schema_migrations"."version" FROM "schema_migrations" ORDER BY "schema_migrations"."version" ASC[0m
  ↳ /Users/kinoshita/.rvm/gems/ruby-2.6.1/gems/activerecord-5.2.3/lib/active_record/log_subscriber.rb:98
Processing by Admin::DashboardController#index as HTML
Completed 401 Unauthorized in 15ms (ActiveRecord: 0.0ms)


Started GET "/admin/login" for ::1 at 2019-04-16 14:37:49 +0900
Processing by ActiveAdmin::Devise::SessionsController#new as HTML
  Rendering /Users/kinoshita/.rvm/gems/ruby-2.6.1/gems/activeadmin-1.4.3/app/views/active_admin/devise/sessions/new.html.erb within layouts/active_admin_logged_out
  Rendered /Users/kinoshita/.rvm/gems/ruby-2.6.1/gems/activeadmin-1.4.3/app/views/active_admin/devise/shared/_links.erb (2.3ms)
  Rendered /Users/kinoshita/.rvm/gems/ruby-2.6.1/gems/activeadmin-1.4.3/app/views/active_admin/devise/sessions/new.html.erb within layouts/active_admin_logged_out (179.0ms)
Completed 200 OK in 1206ms (Views: 1181.5ms | ActiveRecord: 1.3ms)


